2026-01-06 19:47:47,312 - INFO - Preloading jobs from E:\HOCKI6\PBL5\AI\app\data\jobs_vietnamese.csv into Chroma and SQLite...
2026-01-06 19:47:47,312 - ERROR - Error preloading jobs from CSV: 'WindowsPath' object has no attribute 'lower'
2026-01-06 19:53:15,374 - INFO - Preloading jobs from E:\HOCKI6\PBL5\AI\app\data\jobs_vietnamese.csv into Chroma and SQLite...
2026-01-06 19:53:15,374 - ERROR - Error preloading jobs from CSV: 'WindowsPath' object has no attribute 'lower'
2026-01-06 19:53:36,603 - INFO - Preloading jobs from E:\HOCKI6\PBL5\AI\app\data\jobs_vietnamese.csv into Chroma and SQLite...
2026-01-06 19:53:36,603 - ERROR - Error preloading jobs from CSV: 'WindowsPath' object has no attribute 'lower'
2026-01-06 19:57:05,443 - INFO - Preloading jobs from E:\HOCKI6\PBL5\AI\app\data\jobs_vietnamese.csv into Chroma and SQLite...
2026-01-06 19:57:05,444 - ERROR - Error preloading jobs from CSV: 'WindowsPath' object has no attribute 'lower'
2026-01-06 19:57:46,000 - INFO - Preloading jobs from E:\HOCKI6\PBL5\AI\app\data\jobs_vietnamese.csv into Chroma and SQLite...
2026-01-06 19:57:46,002 - ERROR - Error preloading jobs from CSV: 'WindowsPath' object has no attribute 'lower'
2026-01-06 20:03:30,718 - INFO - Preloading jobs from E:\HOCKI6\PBL5\AI\app\data\jobs_vietnamese.csv into Chroma and SQLite...
2026-01-06 20:03:32,120 - INFO - Anonymized telemetry enabled. See                     https://docs.trychroma.com/telemetry for more information.
2026-01-06 20:08:27,957 - INFO - Preloading jobs from E:\HOCKI6\PBL5\AI\app\data\jobs_vietnamese.csv into Chroma and SQLite...
2026-01-06 20:08:28,842 - INFO - Anonymized telemetry enabled. See                     https://docs.trychroma.com/telemetry for more information.
2026-01-06 20:09:45,096 - INFO - Preloading jobs from E:\HOCKI6\PBL5\AI\app\data\jobs_vietnamese.csv into Chroma and SQLite...
2026-01-06 20:09:45,870 - INFO - Anonymized telemetry enabled. See                     https://docs.trychroma.com/telemetry for more information.
2026-01-06 20:09:47,016 - INFO - HTTP Request: POST https://generativelanguage.googleapis.com/v1beta/models/text-embedding-004:batchEmbedContents "HTTP/1.1 200 OK"
2026-01-06 20:09:47,472 - INFO - HTTP Request: POST https://generativelanguage.googleapis.com/v1beta/models/text-embedding-004:batchEmbedContents "HTTP/1.1 200 OK"
2026-01-06 20:09:47,876 - INFO - HTTP Request: POST https://generativelanguage.googleapis.com/v1beta/models/text-embedding-004:batchEmbedContents "HTTP/1.1 200 OK"
2026-01-06 20:09:48,371 - INFO - HTTP Request: POST https://generativelanguage.googleapis.com/v1beta/models/text-embedding-004:batchEmbedContents "HTTP/1.1 200 OK"
2026-01-06 20:09:48,766 - INFO - HTTP Request: POST https://generativelanguage.googleapis.com/v1beta/models/text-embedding-004:batchEmbedContents "HTTP/1.1 200 OK"
2026-01-06 20:09:49,165 - INFO - HTTP Request: POST https://generativelanguage.googleapis.com/v1beta/models/text-embedding-004:batchEmbedContents "HTTP/1.1 200 OK"
2026-01-06 20:09:49,685 - INFO - HTTP Request: POST https://generativelanguage.googleapis.com/v1beta/models/text-embedding-004:batchEmbedContents "HTTP/1.1 200 OK"
2026-01-06 20:09:50,112 - INFO - HTTP Request: POST https://generativelanguage.googleapis.com/v1beta/models/text-embedding-004:batchEmbedContents "HTTP/1.1 200 OK"
2026-01-06 20:09:50,613 - INFO - HTTP Request: POST https://generativelanguage.googleapis.com/v1beta/models/text-embedding-004:batchEmbedContents "HTTP/1.1 200 OK"
2026-01-06 20:09:51,119 - INFO - HTTP Request: POST https://generativelanguage.googleapis.com/v1beta/models/text-embedding-004:batchEmbedContents "HTTP/1.1 200 OK"
2026-01-06 20:09:51,535 - INFO - HTTP Request: POST https://generativelanguage.googleapis.com/v1beta/models/text-embedding-004:batchEmbedContents "HTTP/1.1 200 OK"
2026-01-06 20:09:52,032 - INFO - HTTP Request: POST https://generativelanguage.googleapis.com/v1beta/models/text-embedding-004:batchEmbedContents "HTTP/1.1 200 OK"
2026-01-06 20:09:52,515 - INFO - HTTP Request: POST https://generativelanguage.googleapis.com/v1beta/models/text-embedding-004:batchEmbedContents "HTTP/1.1 200 OK"
2026-01-06 20:09:52,922 - INFO - HTTP Request: POST https://generativelanguage.googleapis.com/v1beta/models/text-embedding-004:batchEmbedContents "HTTP/1.1 200 OK"
2026-01-06 20:09:53,414 - INFO - HTTP Request: POST https://generativelanguage.googleapis.com/v1beta/models/text-embedding-004:batchEmbedContents "HTTP/1.1 200 OK"
2026-01-06 20:09:53,814 - INFO - HTTP Request: POST https://generativelanguage.googleapis.com/v1beta/models/text-embedding-004:batchEmbedContents "HTTP/1.1 200 OK"
2026-01-06 20:09:54,238 - INFO - HTTP Request: POST https://generativelanguage.googleapis.com/v1beta/models/text-embedding-004:batchEmbedContents "HTTP/1.1 200 OK"
2026-01-06 20:09:54,731 - INFO - HTTP Request: POST https://generativelanguage.googleapis.com/v1beta/models/text-embedding-004:batchEmbedContents "HTTP/1.1 200 OK"
2026-01-06 20:09:55,114 - INFO - HTTP Request: POST https://generativelanguage.googleapis.com/v1beta/models/text-embedding-004:batchEmbedContents "HTTP/1.1 200 OK"
2026-01-06 20:09:55,617 - INFO - HTTP Request: POST https://generativelanguage.googleapis.com/v1beta/models/text-embedding-004:batchEmbedContents "HTTP/1.1 200 OK"
2026-01-06 20:09:56,011 - INFO - HTTP Request: POST https://generativelanguage.googleapis.com/v1beta/models/text-embedding-004:batchEmbedContents "HTTP/1.1 200 OK"
2026-01-06 20:09:56,426 - INFO - HTTP Request: POST https://generativelanguage.googleapis.com/v1beta/models/text-embedding-004:batchEmbedContents "HTTP/1.1 200 OK"
2026-01-06 20:09:56,832 - INFO - HTTP Request: POST https://generativelanguage.googleapis.com/v1beta/models/text-embedding-004:batchEmbedContents "HTTP/1.1 200 OK"
2026-01-06 20:09:57,215 - INFO - HTTP Request: POST https://generativelanguage.googleapis.com/v1beta/models/text-embedding-004:batchEmbedContents "HTTP/1.1 200 OK"
2026-01-06 20:09:57,685 - INFO - HTTP Request: POST https://generativelanguage.googleapis.com/v1beta/models/text-embedding-004:batchEmbedContents "HTTP/1.1 200 OK"
2026-01-06 20:09:58,274 - INFO - HTTP Request: POST https://generativelanguage.googleapis.com/v1beta/models/text-embedding-004:batchEmbedContents "HTTP/1.1 200 OK"
2026-01-06 20:09:58,972 - INFO - HTTP Request: POST https://generativelanguage.googleapis.com/v1beta/models/text-embedding-004:batchEmbedContents "HTTP/1.1 200 OK"
2026-01-06 20:09:59,548 - INFO - HTTP Request: POST https://generativelanguage.googleapis.com/v1beta/models/text-embedding-004:batchEmbedContents "HTTP/1.1 200 OK"
2026-01-06 20:10:00,054 - INFO - HTTP Request: POST https://generativelanguage.googleapis.com/v1beta/models/text-embedding-004:batchEmbedContents "HTTP/1.1 200 OK"
2026-01-06 20:10:00,462 - INFO - HTTP Request: POST https://generativelanguage.googleapis.com/v1beta/models/text-embedding-004:batchEmbedContents "HTTP/1.1 200 OK"
2026-01-06 20:10:00,966 - INFO - HTTP Request: POST https://generativelanguage.googleapis.com/v1beta/models/text-embedding-004:batchEmbedContents "HTTP/1.1 200 OK"
2026-01-06 20:10:01,345 - INFO - HTTP Request: POST https://generativelanguage.googleapis.com/v1beta/models/text-embedding-004:batchEmbedContents "HTTP/1.1 200 OK"
2026-01-06 20:10:01,755 - INFO - HTTP Request: POST https://generativelanguage.googleapis.com/v1beta/models/text-embedding-004:batchEmbedContents "HTTP/1.1 200 OK"
2026-01-06 20:10:02,032 - INFO - HTTP Request: POST https://generativelanguage.googleapis.com/v1beta/models/text-embedding-004:batchEmbedContents "HTTP/1.1 200 OK"
2026-01-06 20:10:03,733 - INFO - HTTP Request: POST https://generativelanguage.googleapis.com/v1beta/models/text-embedding-004:batchEmbedContents "HTTP/1.1 200 OK"
2026-01-06 20:10:04,153 - INFO - HTTP Request: POST https://generativelanguage.googleapis.com/v1beta/models/text-embedding-004:batchEmbedContents "HTTP/1.1 200 OK"
2026-01-06 20:10:04,579 - INFO - HTTP Request: POST https://generativelanguage.googleapis.com/v1beta/models/text-embedding-004:batchEmbedContents "HTTP/1.1 200 OK"
2026-01-06 20:10:04,961 - INFO - HTTP Request: POST https://generativelanguage.googleapis.com/v1beta/models/text-embedding-004:batchEmbedContents "HTTP/1.1 200 OK"
2026-01-06 20:10:05,369 - INFO - HTTP Request: POST https://generativelanguage.googleapis.com/v1beta/models/text-embedding-004:batchEmbedContents "HTTP/1.1 200 OK"
2026-01-06 20:10:05,752 - INFO - HTTP Request: POST https://generativelanguage.googleapis.com/v1beta/models/text-embedding-004:batchEmbedContents "HTTP/1.1 200 OK"
2026-01-06 20:10:06,132 - INFO - HTTP Request: POST https://generativelanguage.googleapis.com/v1beta/models/text-embedding-004:batchEmbedContents "HTTP/1.1 200 OK"
2026-01-06 20:10:06,522 - INFO - HTTP Request: POST https://generativelanguage.googleapis.com/v1beta/models/text-embedding-004:batchEmbedContents "HTTP/1.1 200 OK"
2026-01-06 20:10:06,814 - INFO - HTTP Request: POST https://generativelanguage.googleapis.com/v1beta/models/text-embedding-004:batchEmbedContents "HTTP/1.1 200 OK"
2026-01-06 20:10:07,420 - INFO - HTTP Request: POST https://generativelanguage.googleapis.com/v1beta/models/text-embedding-004:batchEmbedContents "HTTP/1.1 200 OK"
2026-01-06 20:10:07,834 - INFO - HTTP Request: POST https://generativelanguage.googleapis.com/v1beta/models/text-embedding-004:batchEmbedContents "HTTP/1.1 200 OK"
2026-01-06 20:10:08,320 - INFO - HTTP Request: POST https://generativelanguage.googleapis.com/v1beta/models/text-embedding-004:batchEmbedContents "HTTP/1.1 200 OK"
2026-01-06 20:10:08,736 - INFO - HTTP Request: POST https://generativelanguage.googleapis.com/v1beta/models/text-embedding-004:batchEmbedContents "HTTP/1.1 200 OK"
2026-01-06 20:10:09,144 - INFO - HTTP Request: POST https://generativelanguage.googleapis.com/v1beta/models/text-embedding-004:batchEmbedContents "HTTP/1.1 200 OK"
2026-01-06 20:10:09,606 - INFO - HTTP Request: POST https://generativelanguage.googleapis.com/v1beta/models/text-embedding-004:batchEmbedContents "HTTP/1.1 200 OK"
2026-01-06 20:10:10,051 - INFO - HTTP Request: POST https://generativelanguage.googleapis.com/v1beta/models/text-embedding-004:batchEmbedContents "HTTP/1.1 200 OK"
2026-01-06 20:10:10,562 - INFO - HTTP Request: POST https://generativelanguage.googleapis.com/v1beta/models/text-embedding-004:batchEmbedContents "HTTP/1.1 200 OK"
2026-01-06 20:10:10,972 - INFO - HTTP Request: POST https://generativelanguage.googleapis.com/v1beta/models/text-embedding-004:batchEmbedContents "HTTP/1.1 200 OK"
2026-01-06 20:10:11,635 - INFO - HTTP Request: POST https://generativelanguage.googleapis.com/v1beta/models/text-embedding-004:batchEmbedContents "HTTP/1.1 200 OK"
2026-01-06 20:10:12,252 - INFO - HTTP Request: POST https://generativelanguage.googleapis.com/v1beta/models/text-embedding-004:batchEmbedContents "HTTP/1.1 200 OK"
2026-01-06 20:10:12,660 - INFO - HTTP Request: POST https://generativelanguage.googleapis.com/v1beta/models/text-embedding-004:batchEmbedContents "HTTP/1.1 200 OK"
2026-01-06 20:10:13,135 - INFO - HTTP Request: POST https://generativelanguage.googleapis.com/v1beta/models/text-embedding-004:batchEmbedContents "HTTP/1.1 200 OK"
2026-01-06 20:10:13,654 - INFO - HTTP Request: POST https://generativelanguage.googleapis.com/v1beta/models/text-embedding-004:batchEmbedContents "HTTP/1.1 200 OK"
2026-01-06 20:10:14,117 - INFO - HTTP Request: POST https://generativelanguage.googleapis.com/v1beta/models/text-embedding-004:batchEmbedContents "HTTP/1.1 200 OK"
2026-01-06 20:10:14,562 - INFO - HTTP Request: POST https://generativelanguage.googleapis.com/v1beta/models/text-embedding-004:batchEmbedContents "HTTP/1.1 200 OK"
2026-01-06 20:10:15,071 - INFO - HTTP Request: POST https://generativelanguage.googleapis.com/v1beta/models/text-embedding-004:batchEmbedContents "HTTP/1.1 200 OK"
2026-01-06 20:10:15,676 - INFO - HTTP Request: POST https://generativelanguage.googleapis.com/v1beta/models/text-embedding-004:batchEmbedContents "HTTP/1.1 200 OK"
2026-01-06 20:10:16,085 - INFO - HTTP Request: POST https://generativelanguage.googleapis.com/v1beta/models/text-embedding-004:batchEmbedContents "HTTP/1.1 200 OK"
2026-01-06 20:10:16,579 - INFO - HTTP Request: POST https://generativelanguage.googleapis.com/v1beta/models/text-embedding-004:batchEmbedContents "HTTP/1.1 200 OK"
2026-01-06 20:10:17,080 - INFO - HTTP Request: POST https://generativelanguage.googleapis.com/v1beta/models/text-embedding-004:batchEmbedContents "HTTP/1.1 200 OK"
2026-01-06 20:10:17,502 - INFO - HTTP Request: POST https://generativelanguage.googleapis.com/v1beta/models/text-embedding-004:batchEmbedContents "HTTP/1.1 200 OK"
2026-01-06 20:10:18,022 - INFO - HTTP Request: POST https://generativelanguage.googleapis.com/v1beta/models/text-embedding-004:batchEmbedContents "HTTP/1.1 200 OK"
2026-01-06 20:10:18,501 - INFO - HTTP Request: POST https://generativelanguage.googleapis.com/v1beta/models/text-embedding-004:batchEmbedContents "HTTP/1.1 200 OK"
2026-01-06 20:10:20,556 - INFO - HTTP Request: POST https://generativelanguage.googleapis.com/v1beta/models/text-embedding-004:batchEmbedContents "HTTP/1.1 200 OK"
2026-01-06 20:10:20,959 - INFO - HTTP Request: POST https://generativelanguage.googleapis.com/v1beta/models/text-embedding-004:batchEmbedContents "HTTP/1.1 200 OK"
2026-01-06 20:10:21,355 - INFO - HTTP Request: POST https://generativelanguage.googleapis.com/v1beta/models/text-embedding-004:batchEmbedContents "HTTP/1.1 200 OK"
2026-01-06 20:10:21,821 - INFO - HTTP Request: POST https://generativelanguage.googleapis.com/v1beta/models/text-embedding-004:batchEmbedContents "HTTP/1.1 200 OK"
2026-01-06 20:10:22,365 - INFO - HTTP Request: POST https://generativelanguage.googleapis.com/v1beta/models/text-embedding-004:batchEmbedContents "HTTP/1.1 200 OK"
2026-01-06 20:10:22,791 - INFO - HTTP Request: POST https://generativelanguage.googleapis.com/v1beta/models/text-embedding-004:batchEmbedContents "HTTP/1.1 200 OK"
2026-01-06 20:10:23,197 - INFO - HTTP Request: POST https://generativelanguage.googleapis.com/v1beta/models/text-embedding-004:batchEmbedContents "HTTP/1.1 200 OK"
2026-01-06 20:10:23,662 - INFO - HTTP Request: POST https://generativelanguage.googleapis.com/v1beta/models/text-embedding-004:batchEmbedContents "HTTP/1.1 200 OK"
2026-01-06 20:10:24,160 - INFO - HTTP Request: POST https://generativelanguage.googleapis.com/v1beta/models/text-embedding-004:batchEmbedContents "HTTP/1.1 200 OK"
2026-01-06 20:10:24,602 - INFO - HTTP Request: POST https://generativelanguage.googleapis.com/v1beta/models/text-embedding-004:batchEmbedContents "HTTP/1.1 200 OK"
2026-01-06 20:10:25,306 - INFO - HTTP Request: POST https://generativelanguage.googleapis.com/v1beta/models/text-embedding-004:batchEmbedContents "HTTP/1.1 200 OK"
2026-01-06 20:10:25,809 - INFO - HTTP Request: POST https://generativelanguage.googleapis.com/v1beta/models/text-embedding-004:batchEmbedContents "HTTP/1.1 200 OK"
2026-01-06 20:10:26,205 - INFO - HTTP Request: POST https://generativelanguage.googleapis.com/v1beta/models/text-embedding-004:batchEmbedContents "HTTP/1.1 200 OK"
2026-01-06 20:10:26,706 - INFO - HTTP Request: POST https://generativelanguage.googleapis.com/v1beta/models/text-embedding-004:batchEmbedContents "HTTP/1.1 200 OK"
2026-01-06 20:10:27,098 - INFO - HTTP Request: POST https://generativelanguage.googleapis.com/v1beta/models/text-embedding-004:batchEmbedContents "HTTP/1.1 200 OK"
2026-01-06 20:10:27,805 - INFO - HTTP Request: POST https://generativelanguage.googleapis.com/v1beta/models/text-embedding-004:batchEmbedContents "HTTP/1.1 200 OK"
2026-01-06 20:10:28,302 - INFO - HTTP Request: POST https://generativelanguage.googleapis.com/v1beta/models/text-embedding-004:batchEmbedContents "HTTP/1.1 200 OK"
2026-01-06 20:10:28,706 - INFO - HTTP Request: POST https://generativelanguage.googleapis.com/v1beta/models/text-embedding-004:batchEmbedContents "HTTP/1.1 200 OK"
2026-01-06 20:10:29,100 - INFO - HTTP Request: POST https://generativelanguage.googleapis.com/v1beta/models/text-embedding-004:batchEmbedContents "HTTP/1.1 200 OK"
2026-01-06 20:10:29,499 - INFO - HTTP Request: POST https://generativelanguage.googleapis.com/v1beta/models/text-embedding-004:batchEmbedContents "HTTP/1.1 200 OK"
2026-01-06 20:10:29,906 - INFO - HTTP Request: POST https://generativelanguage.googleapis.com/v1beta/models/text-embedding-004:batchEmbedContents "HTTP/1.1 200 OK"
2026-01-06 20:10:30,174 - INFO - HTTP Request: POST https://generativelanguage.googleapis.com/v1beta/models/text-embedding-004:batchEmbedContents "HTTP/1.1 200 OK"
2026-01-06 20:10:30,679 - INFO - HTTP Request: POST https://generativelanguage.googleapis.com/v1beta/models/text-embedding-004:batchEmbedContents "HTTP/1.1 200 OK"
2026-01-06 20:10:31,166 - INFO - HTTP Request: POST https://generativelanguage.googleapis.com/v1beta/models/text-embedding-004:batchEmbedContents "HTTP/1.1 200 OK"
2026-01-06 20:10:31,656 - INFO - HTTP Request: POST https://generativelanguage.googleapis.com/v1beta/models/text-embedding-004:batchEmbedContents "HTTP/1.1 200 OK"
2026-01-06 20:10:32,068 - INFO - HTTP Request: POST https://generativelanguage.googleapis.com/v1beta/models/text-embedding-004:batchEmbedContents "HTTP/1.1 200 OK"
2026-01-06 20:10:32,461 - INFO - HTTP Request: POST https://generativelanguage.googleapis.com/v1beta/models/text-embedding-004:batchEmbedContents "HTTP/1.1 200 OK"
2026-01-06 20:10:32,851 - INFO - HTTP Request: POST https://generativelanguage.googleapis.com/v1beta/models/text-embedding-004:batchEmbedContents "HTTP/1.1 200 OK"
2026-01-06 20:10:33,251 - INFO - HTTP Request: POST https://generativelanguage.googleapis.com/v1beta/models/text-embedding-004:batchEmbedContents "HTTP/1.1 200 OK"
2026-01-06 20:10:33,662 - INFO - HTTP Request: POST https://generativelanguage.googleapis.com/v1beta/models/text-embedding-004:batchEmbedContents "HTTP/1.1 200 OK"
2026-01-06 20:10:34,172 - INFO - HTTP Request: POST https://generativelanguage.googleapis.com/v1beta/models/text-embedding-004:batchEmbedContents "HTTP/1.1 200 OK"
2026-01-06 20:10:34,456 - INFO - HTTP Request: POST https://generativelanguage.googleapis.com/v1beta/models/text-embedding-004:batchEmbedContents "HTTP/1.1 200 OK"
2026-01-06 20:10:35,927 - INFO - HTTP Request: POST https://generativelanguage.googleapis.com/v1beta/models/text-embedding-004:batchEmbedContents "HTTP/1.1 200 OK"
2026-01-06 20:10:36,437 - INFO - HTTP Request: POST https://generativelanguage.googleapis.com/v1beta/models/text-embedding-004:batchEmbedContents "HTTP/1.1 200 OK"
2026-01-06 20:10:36,844 - INFO - HTTP Request: POST https://generativelanguage.googleapis.com/v1beta/models/text-embedding-004:batchEmbedContents "HTTP/1.1 200 OK"
2026-01-06 20:10:37,224 - INFO - HTTP Request: POST https://generativelanguage.googleapis.com/v1beta/models/text-embedding-004:batchEmbedContents "HTTP/1.1 200 OK"
2026-01-06 20:10:37,615 - INFO - HTTP Request: POST https://generativelanguage.googleapis.com/v1beta/models/text-embedding-004:batchEmbedContents "HTTP/1.1 200 OK"
2026-01-06 20:10:38,131 - INFO - HTTP Request: POST https://generativelanguage.googleapis.com/v1beta/models/text-embedding-004:batchEmbedContents "HTTP/1.1 200 OK"
2026-01-06 20:10:38,520 - INFO - HTTP Request: POST https://generativelanguage.googleapis.com/v1beta/models/text-embedding-004:batchEmbedContents "HTTP/1.1 200 OK"
2026-01-06 20:10:38,900 - INFO - HTTP Request: POST https://generativelanguage.googleapis.com/v1beta/models/text-embedding-004:batchEmbedContents "HTTP/1.1 200 OK"
2026-01-06 20:10:39,283 - INFO - HTTP Request: POST https://generativelanguage.googleapis.com/v1beta/models/text-embedding-004:batchEmbedContents "HTTP/1.1 200 OK"
2026-01-06 20:10:39,754 - INFO - HTTP Request: POST https://generativelanguage.googleapis.com/v1beta/models/text-embedding-004:batchEmbedContents "HTTP/1.1 200 OK"
2026-01-06 20:10:40,124 - INFO - HTTP Request: POST https://generativelanguage.googleapis.com/v1beta/models/text-embedding-004:batchEmbedContents "HTTP/1.1 200 OK"
2026-01-06 20:10:40,813 - INFO - HTTP Request: POST https://generativelanguage.googleapis.com/v1beta/models/text-embedding-004:batchEmbedContents "HTTP/1.1 200 OK"
2026-01-06 20:10:41,296 - INFO - HTTP Request: POST https://generativelanguage.googleapis.com/v1beta/models/text-embedding-004:batchEmbedContents "HTTP/1.1 200 OK"
2026-01-06 20:10:41,837 - INFO - HTTP Request: POST https://generativelanguage.googleapis.com/v1beta/models/text-embedding-004:batchEmbedContents "HTTP/1.1 200 OK"
2026-01-06 20:10:42,124 - INFO - HTTP Request: POST https://generativelanguage.googleapis.com/v1beta/models/text-embedding-004:batchEmbedContents "HTTP/1.1 200 OK"
2026-01-06 20:10:42,494 - INFO - HTTP Request: POST https://generativelanguage.googleapis.com/v1beta/models/text-embedding-004:batchEmbedContents "HTTP/1.1 200 OK"
2026-01-06 20:10:42,975 - INFO - HTTP Request: POST https://generativelanguage.googleapis.com/v1beta/models/text-embedding-004:batchEmbedContents "HTTP/1.1 200 OK"
2026-01-06 20:10:43,341 - INFO - HTTP Request: POST https://generativelanguage.googleapis.com/v1beta/models/text-embedding-004:batchEmbedContents "HTTP/1.1 200 OK"
2026-01-06 20:10:43,814 - INFO - HTTP Request: POST https://generativelanguage.googleapis.com/v1beta/models/text-embedding-004:batchEmbedContents "HTTP/1.1 200 OK"
2026-01-06 20:10:44,213 - INFO - HTTP Request: POST https://generativelanguage.googleapis.com/v1beta/models/text-embedding-004:batchEmbedContents "HTTP/1.1 200 OK"
2026-01-06 20:10:44,697 - INFO - HTTP Request: POST https://generativelanguage.googleapis.com/v1beta/models/text-embedding-004:batchEmbedContents "HTTP/1.1 200 OK"
2026-01-06 20:10:45,180 - INFO - HTTP Request: POST https://generativelanguage.googleapis.com/v1beta/models/text-embedding-004:batchEmbedContents "HTTP/1.1 200 OK"
2026-01-06 20:10:45,553 - INFO - HTTP Request: POST https://generativelanguage.googleapis.com/v1beta/models/text-embedding-004:batchEmbedContents "HTTP/1.1 200 OK"
2026-01-06 20:10:46,055 - INFO - HTTP Request: POST https://generativelanguage.googleapis.com/v1beta/models/text-embedding-004:batchEmbedContents "HTTP/1.1 200 OK"
2026-01-06 20:10:46,491 - INFO - HTTP Request: POST https://generativelanguage.googleapis.com/v1beta/models/text-embedding-004:batchEmbedContents "HTTP/1.1 200 OK"
2026-01-06 20:10:46,996 - INFO - HTTP Request: POST https://generativelanguage.googleapis.com/v1beta/models/text-embedding-004:batchEmbedContents "HTTP/1.1 200 OK"
2026-01-06 20:10:47,456 - INFO - HTTP Request: POST https://generativelanguage.googleapis.com/v1beta/models/text-embedding-004:batchEmbedContents "HTTP/1.1 200 OK"
2026-01-06 20:10:48,030 - INFO - HTTP Request: POST https://generativelanguage.googleapis.com/v1beta/models/text-embedding-004:batchEmbedContents "HTTP/1.1 200 OK"
2026-01-06 20:10:48,420 - INFO - HTTP Request: POST https://generativelanguage.googleapis.com/v1beta/models/text-embedding-004:batchEmbedContents "HTTP/1.1 200 OK"
2026-01-06 20:10:48,901 - INFO - HTTP Request: POST https://generativelanguage.googleapis.com/v1beta/models/text-embedding-004:batchEmbedContents "HTTP/1.1 200 OK"
2026-01-06 20:10:49,292 - INFO - HTTP Request: POST https://generativelanguage.googleapis.com/v1beta/models/text-embedding-004:batchEmbedContents "HTTP/1.1 200 OK"
2026-01-06 20:10:51,270 - INFO - HTTP Request: POST https://generativelanguage.googleapis.com/v1beta/models/text-embedding-004:batchEmbedContents "HTTP/1.1 200 OK"
2026-01-06 20:10:51,674 - INFO - HTTP Request: POST https://generativelanguage.googleapis.com/v1beta/models/text-embedding-004:batchEmbedContents "HTTP/1.1 200 OK"
2026-01-06 20:10:52,144 - INFO - HTTP Request: POST https://generativelanguage.googleapis.com/v1beta/models/text-embedding-004:batchEmbedContents "HTTP/1.1 200 OK"
2026-01-06 20:10:52,605 - INFO - HTTP Request: POST https://generativelanguage.googleapis.com/v1beta/models/text-embedding-004:batchEmbedContents "HTTP/1.1 200 OK"
2026-01-06 20:10:52,975 - INFO - HTTP Request: POST https://generativelanguage.googleapis.com/v1beta/models/text-embedding-004:batchEmbedContents "HTTP/1.1 200 OK"
2026-01-06 20:10:53,363 - INFO - HTTP Request: POST https://generativelanguage.googleapis.com/v1beta/models/text-embedding-004:batchEmbedContents "HTTP/1.1 200 OK"
2026-01-06 20:10:53,935 - INFO - HTTP Request: POST https://generativelanguage.googleapis.com/v1beta/models/text-embedding-004:batchEmbedContents "HTTP/1.1 200 OK"
2026-01-06 20:10:54,333 - INFO - HTTP Request: POST https://generativelanguage.googleapis.com/v1beta/models/text-embedding-004:batchEmbedContents "HTTP/1.1 200 OK"
2026-01-06 20:10:54,705 - INFO - HTTP Request: POST https://generativelanguage.googleapis.com/v1beta/models/text-embedding-004:batchEmbedContents "HTTP/1.1 200 OK"
2026-01-06 20:10:55,202 - INFO - HTTP Request: POST https://generativelanguage.googleapis.com/v1beta/models/text-embedding-004:batchEmbedContents "HTTP/1.1 200 OK"
2026-01-06 20:10:55,696 - INFO - HTTP Request: POST https://generativelanguage.googleapis.com/v1beta/models/text-embedding-004:batchEmbedContents "HTTP/1.1 200 OK"
2026-01-06 20:10:56,080 - INFO - HTTP Request: POST https://generativelanguage.googleapis.com/v1beta/models/text-embedding-004:batchEmbedContents "HTTP/1.1 200 OK"
2026-01-06 20:10:56,455 - INFO - HTTP Request: POST https://generativelanguage.googleapis.com/v1beta/models/text-embedding-004:batchEmbedContents "HTTP/1.1 200 OK"
2026-01-06 20:10:56,952 - INFO - HTTP Request: POST https://generativelanguage.googleapis.com/v1beta/models/text-embedding-004:batchEmbedContents "HTTP/1.1 200 OK"
2026-01-06 20:10:57,352 - INFO - HTTP Request: POST https://generativelanguage.googleapis.com/v1beta/models/text-embedding-004:batchEmbedContents "HTTP/1.1 200 OK"
2026-01-06 20:10:57,937 - INFO - HTTP Request: POST https://generativelanguage.googleapis.com/v1beta/models/text-embedding-004:batchEmbedContents "HTTP/1.1 200 OK"
2026-01-06 20:10:58,332 - INFO - HTTP Request: POST https://generativelanguage.googleapis.com/v1beta/models/text-embedding-004:batchEmbedContents "HTTP/1.1 200 OK"
2026-01-06 20:10:58,611 - INFO - HTTP Request: POST https://generativelanguage.googleapis.com/v1beta/models/text-embedding-004:batchEmbedContents "HTTP/1.1 200 OK"
2026-01-06 20:10:59,082 - INFO - HTTP Request: POST https://generativelanguage.googleapis.com/v1beta/models/text-embedding-004:batchEmbedContents "HTTP/1.1 200 OK"
2026-01-06 20:10:59,480 - INFO - HTTP Request: POST https://generativelanguage.googleapis.com/v1beta/models/text-embedding-004:batchEmbedContents "HTTP/1.1 200 OK"
2026-01-06 20:10:59,876 - INFO - HTTP Request: POST https://generativelanguage.googleapis.com/v1beta/models/text-embedding-004:batchEmbedContents "HTTP/1.1 200 OK"
2026-01-06 20:11:00,340 - INFO - HTTP Request: POST https://generativelanguage.googleapis.com/v1beta/models/text-embedding-004:batchEmbedContents "HTTP/1.1 200 OK"
2026-01-06 20:11:00,706 - INFO - HTTP Request: POST https://generativelanguage.googleapis.com/v1beta/models/text-embedding-004:batchEmbedContents "HTTP/1.1 200 OK"
2026-01-06 20:11:01,102 - INFO - HTTP Request: POST https://generativelanguage.googleapis.com/v1beta/models/text-embedding-004:batchEmbedContents "HTTP/1.1 200 OK"
2026-01-06 20:11:01,623 - INFO - HTTP Request: POST https://generativelanguage.googleapis.com/v1beta/models/text-embedding-004:batchEmbedContents "HTTP/1.1 200 OK"
2026-01-06 20:11:02,042 - INFO - HTTP Request: POST https://generativelanguage.googleapis.com/v1beta/models/text-embedding-004:batchEmbedContents "HTTP/1.1 200 OK"
2026-01-06 20:11:02,480 - INFO - HTTP Request: POST https://generativelanguage.googleapis.com/v1beta/models/text-embedding-004:batchEmbedContents "HTTP/1.1 200 OK"
2026-01-06 20:11:02,963 - INFO - HTTP Request: POST https://generativelanguage.googleapis.com/v1beta/models/text-embedding-004:batchEmbedContents "HTTP/1.1 200 OK"
2026-01-06 20:11:03,465 - INFO - HTTP Request: POST https://generativelanguage.googleapis.com/v1beta/models/text-embedding-004:batchEmbedContents "HTTP/1.1 200 OK"
2026-01-06 20:11:03,955 - INFO - HTTP Request: POST https://generativelanguage.googleapis.com/v1beta/models/text-embedding-004:batchEmbedContents "HTTP/1.1 200 OK"
2026-01-06 20:11:04,451 - INFO - HTTP Request: POST https://generativelanguage.googleapis.com/v1beta/models/text-embedding-004:batchEmbedContents "HTTP/1.1 200 OK"
2026-01-06 20:11:04,927 - INFO - HTTP Request: POST https://generativelanguage.googleapis.com/v1beta/models/text-embedding-004:batchEmbedContents "HTTP/1.1 200 OK"
2026-01-06 20:11:05,306 - INFO - HTTP Request: POST https://generativelanguage.googleapis.com/v1beta/models/text-embedding-004:batchEmbedContents "HTTP/1.1 200 OK"
2026-01-06 20:11:07,081 - INFO - HTTP Request: POST https://generativelanguage.googleapis.com/v1beta/models/text-embedding-004:batchEmbedContents "HTTP/1.1 200 OK"
2026-01-06 20:11:07,456 - INFO - HTTP Request: POST https://generativelanguage.googleapis.com/v1beta/models/text-embedding-004:batchEmbedContents "HTTP/1.1 200 OK"
2026-01-06 20:11:07,836 - INFO - HTTP Request: POST https://generativelanguage.googleapis.com/v1beta/models/text-embedding-004:batchEmbedContents "HTTP/1.1 200 OK"
2026-01-06 20:11:08,307 - INFO - HTTP Request: POST https://generativelanguage.googleapis.com/v1beta/models/text-embedding-004:batchEmbedContents "HTTP/1.1 200 OK"
2026-01-06 20:11:08,732 - INFO - HTTP Request: POST https://generativelanguage.googleapis.com/v1beta/models/text-embedding-004:batchEmbedContents "HTTP/1.1 200 OK"
2026-01-06 20:11:09,254 - INFO - HTTP Request: POST https://generativelanguage.googleapis.com/v1beta/models/text-embedding-004:batchEmbedContents "HTTP/1.1 200 OK"
2026-01-06 20:11:09,770 - INFO - HTTP Request: POST https://generativelanguage.googleapis.com/v1beta/models/text-embedding-004:batchEmbedContents "HTTP/1.1 200 OK"
2026-01-06 20:11:10,251 - INFO - HTTP Request: POST https://generativelanguage.googleapis.com/v1beta/models/text-embedding-004:batchEmbedContents "HTTP/1.1 200 OK"
2026-01-06 20:11:10,776 - INFO - HTTP Request: POST https://generativelanguage.googleapis.com/v1beta/models/text-embedding-004:batchEmbedContents "HTTP/1.1 200 OK"
2026-01-06 20:11:11,232 - INFO - HTTP Request: POST https://generativelanguage.googleapis.com/v1beta/models/text-embedding-004:batchEmbedContents "HTTP/1.1 200 OK"
2026-01-06 20:11:11,825 - INFO - HTTP Request: POST https://generativelanguage.googleapis.com/v1beta/models/text-embedding-004:batchEmbedContents "HTTP/1.1 200 OK"
2026-01-06 20:11:12,365 - INFO - HTTP Request: POST https://generativelanguage.googleapis.com/v1beta/models/text-embedding-004:batchEmbedContents "HTTP/1.1 200 OK"
2026-01-06 20:11:12,787 - INFO - HTTP Request: POST https://generativelanguage.googleapis.com/v1beta/models/text-embedding-004:batchEmbedContents "HTTP/1.1 200 OK"
2026-01-06 20:11:13,280 - INFO - HTTP Request: POST https://generativelanguage.googleapis.com/v1beta/models/text-embedding-004:batchEmbedContents "HTTP/1.1 200 OK"
2026-01-06 20:11:13,662 - INFO - HTTP Request: POST https://generativelanguage.googleapis.com/v1beta/models/text-embedding-004:batchEmbedContents "HTTP/1.1 200 OK"
2026-01-06 20:11:14,145 - INFO - HTTP Request: POST https://generativelanguage.googleapis.com/v1beta/models/text-embedding-004:batchEmbedContents "HTTP/1.1 200 OK"
2026-01-06 20:11:14,832 - INFO - HTTP Request: POST https://generativelanguage.googleapis.com/v1beta/models/text-embedding-004:batchEmbedContents "HTTP/1.1 200 OK"
2026-01-06 20:11:15,333 - INFO - HTTP Request: POST https://generativelanguage.googleapis.com/v1beta/models/text-embedding-004:batchEmbedContents "HTTP/1.1 200 OK"
2026-01-06 20:11:15,827 - INFO - HTTP Request: POST https://generativelanguage.googleapis.com/v1beta/models/text-embedding-004:batchEmbedContents "HTTP/1.1 200 OK"
2026-01-06 20:11:16,205 - INFO - HTTP Request: POST https://generativelanguage.googleapis.com/v1beta/models/text-embedding-004:batchEmbedContents "HTTP/1.1 200 OK"
2026-01-06 20:11:16,713 - INFO - HTTP Request: POST https://generativelanguage.googleapis.com/v1beta/models/text-embedding-004:batchEmbedContents "HTTP/1.1 200 OK"
2026-01-06 20:11:17,121 - INFO - HTTP Request: POST https://generativelanguage.googleapis.com/v1beta/models/text-embedding-004:batchEmbedContents "HTTP/1.1 200 OK"
2026-01-06 20:11:17,509 - INFO - HTTP Request: POST https://generativelanguage.googleapis.com/v1beta/models/text-embedding-004:batchEmbedContents "HTTP/1.1 200 OK"
2026-01-06 20:11:17,977 - INFO - HTTP Request: POST https://generativelanguage.googleapis.com/v1beta/models/text-embedding-004:batchEmbedContents "HTTP/1.1 200 OK"
2026-01-06 20:11:18,432 - INFO - HTTP Request: POST https://generativelanguage.googleapis.com/v1beta/models/text-embedding-004:batchEmbedContents "HTTP/1.1 200 OK"
2026-01-06 20:11:18,809 - INFO - HTTP Request: POST https://generativelanguage.googleapis.com/v1beta/models/text-embedding-004:batchEmbedContents "HTTP/1.1 200 OK"
2026-01-06 20:11:19,378 - INFO - HTTP Request: POST https://generativelanguage.googleapis.com/v1beta/models/text-embedding-004:batchEmbedContents "HTTP/1.1 200 OK"
2026-01-06 20:11:19,962 - INFO - HTTP Request: POST https://generativelanguage.googleapis.com/v1beta/models/text-embedding-004:batchEmbedContents "HTTP/1.1 200 OK"
2026-01-06 20:11:20,546 - INFO - HTTP Request: POST https://generativelanguage.googleapis.com/v1beta/models/text-embedding-004:batchEmbedContents "HTTP/1.1 200 OK"
2026-01-06 20:11:20,954 - INFO - HTTP Request: POST https://generativelanguage.googleapis.com/v1beta/models/text-embedding-004:batchEmbedContents "HTTP/1.1 200 OK"
2026-01-06 20:11:21,357 - INFO - HTTP Request: POST https://generativelanguage.googleapis.com/v1beta/models/text-embedding-004:batchEmbedContents "HTTP/1.1 200 OK"
2026-01-06 20:11:21,822 - INFO - HTTP Request: POST https://generativelanguage.googleapis.com/v1beta/models/text-embedding-004:batchEmbedContents "HTTP/1.1 200 OK"
2026-01-06 20:11:22,200 - INFO - HTTP Request: POST https://generativelanguage.googleapis.com/v1beta/models/text-embedding-004:batchEmbedContents "HTTP/1.1 200 OK"
2026-01-06 20:11:24,358 - INFO - HTTP Request: POST https://generativelanguage.googleapis.com/v1beta/models/text-embedding-004:batchEmbedContents "HTTP/1.1 200 OK"
2026-01-06 20:11:24,862 - INFO - HTTP Request: POST https://generativelanguage.googleapis.com/v1beta/models/text-embedding-004:batchEmbedContents "HTTP/1.1 200 OK"
2026-01-06 20:11:25,430 - INFO - HTTP Request: POST https://generativelanguage.googleapis.com/v1beta/models/text-embedding-004:batchEmbedContents "HTTP/1.1 200 OK"
2026-01-06 20:11:25,922 - INFO - HTTP Request: POST https://generativelanguage.googleapis.com/v1beta/models/text-embedding-004:batchEmbedContents "HTTP/1.1 200 OK"
2026-01-06 20:11:26,451 - INFO - HTTP Request: POST https://generativelanguage.googleapis.com/v1beta/models/text-embedding-004:batchEmbedContents "HTTP/1.1 200 OK"
2026-01-06 20:11:26,931 - INFO - HTTP Request: POST https://generativelanguage.googleapis.com/v1beta/models/text-embedding-004:batchEmbedContents "HTTP/1.1 200 OK"
2026-01-06 20:11:27,425 - INFO - HTTP Request: POST https://generativelanguage.googleapis.com/v1beta/models/text-embedding-004:batchEmbedContents "HTTP/1.1 200 OK"
2026-01-06 20:11:27,884 - INFO - HTTP Request: POST https://generativelanguage.googleapis.com/v1beta/models/text-embedding-004:batchEmbedContents "HTTP/1.1 200 OK"
2026-01-06 20:11:28,322 - INFO - HTTP Request: POST https://generativelanguage.googleapis.com/v1beta/models/text-embedding-004:batchEmbedContents "HTTP/1.1 200 OK"
2026-01-06 20:11:28,896 - INFO - HTTP Request: POST https://generativelanguage.googleapis.com/v1beta/models/text-embedding-004:batchEmbedContents "HTTP/1.1 200 OK"
2026-01-06 20:11:29,482 - INFO - HTTP Request: POST https://generativelanguage.googleapis.com/v1beta/models/text-embedding-004:batchEmbedContents "HTTP/1.1 200 OK"
2026-01-06 20:11:29,962 - INFO - HTTP Request: POST https://generativelanguage.googleapis.com/v1beta/models/text-embedding-004:batchEmbedContents "HTTP/1.1 200 OK"
2026-01-06 20:11:30,335 - INFO - HTTP Request: POST https://generativelanguage.googleapis.com/v1beta/models/text-embedding-004:batchEmbedContents "HTTP/1.1 200 OK"
2026-01-06 20:11:30,894 - INFO - HTTP Request: POST https://generativelanguage.googleapis.com/v1beta/models/text-embedding-004:batchEmbedContents "HTTP/1.1 200 OK"
2026-01-06 20:11:31,382 - INFO - HTTP Request: POST https://generativelanguage.googleapis.com/v1beta/models/text-embedding-004:batchEmbedContents "HTTP/1.1 200 OK"
2026-01-06 20:11:31,715 - INFO - HTTP Request: POST https://generativelanguage.googleapis.com/v1beta/models/text-embedding-004:batchEmbedContents "HTTP/1.1 200 OK"
2026-01-06 20:31:52,016 - ERROR - Error uploading CV Quoc-Dat-TopCV.vn-060126.203137.pdf: name 'os' is not defined
2026-01-06 20:33:17,034 - ERROR - Error uploading CV Quoc-Dat-TopCV.vn-060126.203137.pdf: name 'os' is not defined
2026-01-06 20:33:26,644 - ERROR - Error uploading CV Quoc-Dat-TopCV.vn-060126.203137.pdf: name 'os' is not defined
2026-01-06 20:35:21,078 - WARNING - Cannot set gray stroke color because /'P10' is an invalid float value
2026-01-06 20:35:21,078 - WARNING - Cannot set gray non-stroke color because /'P10' is an invalid float value
2026-01-06 20:35:21,472 - WARNING - Could get FontBBox from font descriptor because None cannot be parsed as 4 floats
2026-01-06 20:35:21,473 - WARNING - Could get FontBBox from font descriptor because None cannot be parsed as 4 floats
2026-01-06 20:35:21,476 - WARNING - Cannot set gray stroke color because /'P24' is an invalid float value
2026-01-06 20:35:21,476 - WARNING - Cannot set gray non-stroke color because /'P24' is an invalid float value
2026-01-06 20:35:40,279 - ERROR - Error extracting CV info: No module named 'app'
2026-01-06 20:35:40,281 - ERROR - Error uploading CV Quoc-Dat-TopCV.vn-060126.203137.pdf: 500: Failed to extract CV information
2026-01-06 20:38:59,883 - WARNING - Cannot set gray stroke color because /'P10' is an invalid float value
2026-01-06 20:38:59,890 - WARNING - Cannot set gray non-stroke color because /'P10' is an invalid float value
2026-01-06 20:39:02,617 - WARNING - Could get FontBBox from font descriptor because None cannot be parsed as 4 floats
2026-01-06 20:39:02,620 - WARNING - Could get FontBBox from font descriptor because None cannot be parsed as 4 floats
2026-01-06 20:39:02,623 - WARNING - Cannot set gray stroke color because /'P24' is an invalid float value
2026-01-06 20:39:02,624 - WARNING - Cannot set gray non-stroke color because /'P24' is an invalid float value
2026-01-06 20:39:19,679 - ERROR - Error extracting CV info: No module named 'app'
2026-01-06 20:39:19,680 - ERROR - Error uploading CV Quoc-Dat-TopCV.vn-060126.203137.pdf: 500: Failed to extract CV information
2026-01-06 20:40:42,497 - WARNING - Cannot set gray stroke color because /'P10' is an invalid float value
2026-01-06 20:40:42,498 - WARNING - Cannot set gray non-stroke color because /'P10' is an invalid float value
2026-01-06 20:40:42,945 - WARNING - Could get FontBBox from font descriptor because None cannot be parsed as 4 floats
2026-01-06 20:40:42,948 - WARNING - Could get FontBBox from font descriptor because None cannot be parsed as 4 floats
2026-01-06 20:40:42,961 - WARNING - Cannot set gray stroke color because /'P24' is an invalid float value
2026-01-06 20:40:42,961 - WARNING - Cannot set gray non-stroke color because /'P24' is an invalid float value
2026-01-06 20:40:57,593 - INFO - Anonymized telemetry enabled. See                     https://docs.trychroma.com/telemetry for more information.
2026-01-06 20:40:58,573 - INFO - HTTP Request: POST https://generativelanguage.googleapis.com/v1beta/models/text-embedding-004:batchEmbedContents "HTTP/1.1 200 OK"
2026-01-06 20:40:59,132 - INFO - Indexed CV 1 into Chroma
2026-01-06 20:40:59,132 - INFO - Uploaded and indexed CV 1: Quoc-Dat-TopCV.vn-060126.203137.pdf
2026-01-06 20:41:46,893 - INFO - AFC is enabled with max remote calls: 10.
2026-01-06 20:42:23,574 - INFO - AFC is enabled with max remote calls: 10.
2026-01-06 20:42:26,168 - INFO - Retrying google.genai._api_client.BaseApiClient._async_request_once in 1.5695221867437703 seconds as it raised ServerError: 503 UNAVAILABLE. {'error': {'code': 503, 'message': 'The model is overloaded. Please try again later.', 'status': 'UNAVAILABLE'}}.
2026-01-06 20:46:22,813 - INFO - No filters provided, returning None to query all 3237 jobs
2026-01-06 20:46:25,708 - INFO - AFC is enabled with max remote calls: 10.
2026-01-06 20:51:28,574 - INFO - AFC is enabled with max remote calls: 10.
2026-01-06 20:59:08,671 - ERROR - Error extracting text from PDF temp_Test_CV.pdf: 400: No text extracted from PDF
2026-01-06 20:59:08,684 - ERROR - Error uploading CV Test_CV.pdf: 500: Failed to extract text from PDF: 400: No text extracted from PDF
2026-01-06 21:02:17,384 - INFO - AFC is enabled with max remote calls: 10.
