2026-01-06 19:17:19,333 - INFO - \u2705 Loaded API key 2: AIzaSyCRoYiWxhJL7Mq7...
2026-01-06 19:17:19,333 - INFO - \u2705 Loaded API key 3: AIzaSyCVsBf3x7TWsPsv...
2026-01-06 19:17:19,333 - INFO - \U0001f511 API Key Manager initialized with 2 keys
2026-01-06 19:18:07,816 - INFO - \u2705 Loaded API key 2: AIzaSyCRoYiWxhJL7Mq7...
2026-01-06 19:18:07,847 - INFO - \u2705 Loaded API key 3: AIzaSyCVsBf3x7TWsPsv...
2026-01-06 19:18:07,847 - INFO - \U0001f511 API Key Manager initialized with 2 keys
2026-01-06 19:18:32,521 - INFO - \u2705 Loaded API key 2: AIzaSyCRoYiWxhJL7Mq7...
2026-01-06 19:18:32,527 - INFO - \u2705 Loaded API key 3: AIzaSyCVsBf3x7TWsPsv...
2026-01-06 19:18:32,527 - INFO - \U0001f511 API Key Manager initialized with 2 keys
2026-01-06 19:19:21,345 - INFO - \u2705 Loaded API key 2: AIzaSyCRoYiWxhJL7Mq7...
2026-01-06 19:19:21,345 - INFO - \u2705 Loaded API key 3: AIzaSyCVsBf3x7TWsPsv...
2026-01-06 19:19:21,345 - INFO - \U0001f511 API Key Manager initialized with 2 keys
2026-01-06 19:19:48,670 - INFO - \u2705 Loaded API key 2: AIzaSyCRoYiWxhJL7Mq7...
2026-01-06 19:19:48,670 - INFO - \u2705 Loaded API key 3: AIzaSyCVsBf3x7TWsPsv...
2026-01-06 19:19:48,670 - INFO - \U0001f511 API Key Manager initialized with 2 keys
2026-01-06 19:23:45,367 - INFO - \u2705 Loaded API key 2: AIzaSyCRoYiWxhJL7Mq7...
2026-01-06 19:23:45,368 - INFO - \u2705 Loaded API key 3: AIzaSyCVsBf3x7TWsPsv...
2026-01-06 19:23:45,370 - INFO - \U0001f511 API Key Manager initialized with 2 keys
2026-01-06 19:26:34,075 - INFO - \u2705 Loaded API key 2: AIzaSyCRoYiWxhJL7Mq7...
2026-01-06 19:26:34,075 - INFO - \u2705 Loaded API key 3: AIzaSyCVsBf3x7TWsPsv...
2026-01-06 19:26:34,079 - INFO - \U0001f511 API Key Manager initialized with 2 keys
2026-01-06 19:28:11,177 - INFO - \u2705 Loaded API key 2: AIzaSyCRoYiWxhJL7Mq7...
2026-01-06 19:28:11,177 - INFO - \u2705 Loaded API key 3: AIzaSyCVsBf3x7TWsPsv...
2026-01-06 19:28:11,177 - INFO - \U0001f511 API Key Manager initialized with 2 keys
2026-01-06 19:28:19,561 - INFO - \u2705 Loaded API key 2: AIzaSyCRoYiWxhJL7Mq7...
2026-01-06 19:28:19,562 - INFO - \u2705 Loaded API key 3: AIzaSyCVsBf3x7TWsPsv...
2026-01-06 19:28:19,562 - INFO - \U0001f511 API Key Manager initialized with 2 keys
2026-01-06 19:31:41,425 - INFO - \u2705 Loaded API key 2: AIzaSyCRoYiWxhJL7Mq7...
2026-01-06 19:31:41,425 - INFO - \u2705 Loaded API key 3: AIzaSyCVsBf3x7TWsPsv...
2026-01-06 19:31:41,425 - INFO - \U0001f511 API Key Manager initialized with 2 keys
2026-01-06 19:32:04,227 - INFO - \u2705 Loaded API key 2: AIzaSyCRoYiWxhJL7Mq7...
2026-01-06 19:32:04,229 - INFO - \u2705 Loaded API key 3: AIzaSyCVsBf3x7TWsPsv...
2026-01-06 19:32:04,229 - INFO - \U0001f511 API Key Manager initialized with 2 keys
2026-01-06 19:32:07,841 - INFO - \U0001f504 Preloading jobs into Chroma and SQLite...
2026-01-06 19:32:07,841 - ERROR - File E:\HOCKI6\PBL5\data\jobs_vietnamese.csv does not exist
2026-01-06 19:32:07,841 - INFO - \u2705 Preloading completed
2026-01-06 19:32:43,900 - ERROR - \u274c L\u1ed7i l\u1ea5y jobs: unable to open database file
2026-01-06 19:32:51,637 - ERROR - \u274c L\u1ed7i l\u1ea5y jobs: unable to open database file
2026-01-06 19:34:31,846 - INFO - \u2705 Loaded API key 2: AIzaSyCRoYiWxhJL7Mq7...
2026-01-06 19:34:31,847 - INFO - \u2705 Loaded API key 3: AIzaSyCVsBf3x7TWsPsv...
2026-01-06 19:34:31,847 - INFO - \U0001f511 API Key Manager initialized with 2 keys
2026-01-06 19:34:35,857 - INFO - \U0001f504 Preloading jobs into Chroma and SQLite...
2026-01-06 19:34:35,857 - ERROR - File E:\HOCKI6\PBL5\data\jobs_vietnamese.csv does not exist
2026-01-06 19:34:35,857 - INFO - \u2705 Preloading completed
2026-01-06 19:38:22,781 - INFO - \u2705 Loaded API key 2: AIzaSyCRoYiWxhJL7Mq7...
2026-01-06 19:38:22,781 - INFO - \u2705 Loaded API key 3: AIzaSyCVsBf3x7TWsPsv...
2026-01-06 19:38:22,781 - INFO - \U0001f511 API Key Manager initialized with 2 keys
2026-01-06 19:38:26,824 - INFO -  Preloading jobs into Chroma and SQLite...
2026-01-06 19:38:26,824 - ERROR - File E:\HOCKI6\PBL5\data\jobs_vietnamese.csv does not exist
2026-01-06 19:38:26,824 - INFO -  Preloading completed
2026-01-06 19:42:28,578 - INFO - \u2705 Loaded API key 2: AIzaSyCRoYiWxhJL7Mq7...
2026-01-06 19:42:28,578 - INFO - \u2705 Loaded API key 3: AIzaSyCVsBf3x7TWsPsv...
2026-01-06 19:42:28,578 - INFO - \U0001f511 API Key Manager initialized with 2 keys
2026-01-06 19:42:49,188 - INFO - \u2705 Loaded API key 2: AIzaSyCRoYiWxhJL7Mq7...
2026-01-06 19:42:49,188 - INFO - \u2705 Loaded API key 3: AIzaSyCVsBf3x7TWsPsv...
2026-01-06 19:42:49,188 - INFO - \U0001f511 API Key Manager initialized with 2 keys
2026-01-06 19:45:16,114 - INFO - \u2705 Loaded API key 2: AIzaSyCRoYiWxhJL7Mq7...
2026-01-06 19:45:16,114 - INFO - \u2705 Loaded API key 3: AIzaSyCVsBf3x7TWsPsv...
2026-01-06 19:45:16,114 - INFO - \U0001f511 API Key Manager initialized with 2 keys
2026-01-06 19:45:20,240 - INFO - \U0001f4c1 PROJECT_ROOT: E:\HOCKI6\PBL5\AI
2026-01-06 19:45:20,240 - INFO - \U0001f4c1 DATA_DIR: E:\HOCKI6\PBL5\AI\app\data
2026-01-06 19:45:20,240 - INFO - \U0001f4c1 JOBS_CSV_PATH: E:\HOCKI6\PBL5\AI\app\data\jobs_vietnamese.csv
2026-01-06 19:45:20,240 - INFO - \U0001f4c1 DB_DIR: E:\HOCKI6\PBL5\AI\app\db
2026-01-06 19:45:20,240 - INFO - \U0001f4c1 CHROMA_PATH: E:\HOCKI6\PBL5\AI\app\db\chroma_db
